0 info it worked if it ends with ok
1 verbose cli [ 'node', '/usr/local/bin/npm', 'start' ]
2 info using npm@3.10.5
3 info using node@v0.10.25
4 verbose node symlink /usr/bin/node
5 verbose run-script [ 'prestart', 'start', 'poststart' ]
6 info lifecycle onex-frontend@1.0.0~prestart: onex-frontend@1.0.0
7 silly lifecycle onex-frontend@1.0.0~prestart: no script for prestart, continuing
8 info lifecycle onex-frontend@1.0.0~start: onex-frontend@1.0.0
9 verbose lifecycle onex-frontend@1.0.0~start: unsafe-perm in lifecycle true
10 verbose lifecycle onex-frontend@1.0.0~start: PATH: /usr/local/lib/node_modules/npm/bin/node-gyp-bin:/home/budi/www/onex-frontend/node_modules/.bin:/usr/bin:/usr/lib/jvm/java-8-oracle/jre/bin:/usr/lib/jvm/java-8-oracle/db/bin:/home/budi/.sdkman/candidates/grails/current/bin:/home/budi/.sdkman/candidates/gradle/current/bin:/home/budi/bin:/usr/local/bin:/usr/local/sbin:/usr/local/bin:/usr/sbin:/usr/bin:/sbin:/bin:/usr/games:/usr/local/games:/usr/lib/jvm/java-8-oracle/bin:/usr/lib/jvm/java-8-oracle/db/bin:/usr/lib/jvm/java-8-oracle/jre/bin
11 verbose lifecycle onex-frontend@1.0.0~start: CWD: /home/budi/www/onex-frontend
12 silly lifecycle onex-frontend@1.0.0~start: Args: [ '-c',
12 silly lifecycle   'tsc && concurrently  "gulp watch " "npm run tsc:w" "npm run lite" ' ]
13 silly lifecycle onex-frontend@1.0.0~start: Returned: code: 2  signal: null
14 info lifecycle onex-frontend@1.0.0~start: Failed to exec start script
15 verbose stack Error: onex-frontend@1.0.0 start: `tsc && concurrently  "gulp watch " "npm run tsc:w" "npm run lite" `
15 verbose stack Exit status 2
15 verbose stack     at EventEmitter.<anonymous> (/usr/local/lib/node_modules/npm/lib/utils/lifecycle.js:242:16)
15 verbose stack     at EventEmitter.emit (events.js:98:17)
15 verbose stack     at ChildProcess.<anonymous> (/usr/local/lib/node_modules/npm/lib/utils/spawn.js:40:14)
15 verbose stack     at ChildProcess.EventEmitter.emit (events.js:98:17)
15 verbose stack     at maybeClose (child_process.js:743:16)
15 verbose stack     at Process.ChildProcess._handle.onexit (child_process.js:810:5)
16 verbose pkgid onex-frontend@1.0.0
17 verbose cwd /home/budi/www/onex-frontend
18 error Linux 3.16.0-77-generic
19 error argv "node" "/usr/local/bin/npm" "start"
20 error node v0.10.25
21 error npm  v3.10.5
22 error code ELIFECYCLE
23 error onex-frontend@1.0.0 start: `tsc && concurrently  "gulp watch " "npm run tsc:w" "npm run lite" `
23 error Exit status 2
24 error Failed at the onex-frontend@1.0.0 start script 'tsc && concurrently  "gulp watch " "npm run tsc:w" "npm run lite" '.
24 error Make sure you have the latest version of node.js and npm installed.
24 error If you do, this is most likely a problem with the onex-frontend package,
24 error not with npm itself.
24 error Tell the author that this fails on your system:
24 error     tsc && concurrently  "gulp watch " "npm run tsc:w" "npm run lite"
24 error You can get information on how to open an issue for this project with:
24 error     npm bugs onex-frontend
24 error Or if that isn't available, you can get their info via:
24 error     npm owner ls onex-frontend
24 error There is likely additional logging output above.
25 verbose exit [ 1, true ]
